<!DOCTYPE html>

<html>
  <head>
  <meta charset='utf-8'>
  <title>TestNG reports</title>

    <link type="text/css" href="testng-reports1.css" rel="stylesheet" id="ultra" />
    <link type="text/css" href="testng-reports.css" rel="stylesheet" id="retro" disabled="false"/>
    <script type="text/javascript" src="jquery.min.js"></script>
    <script type="text/javascript" src="testng-reports.js"></script>
    <script type="text/javascript" src="https://www.google.com/jsapi"></script>
    <script type='text/javascript'>
      google.load('visualization', '1', {packages:['table']});
      google.setOnLoadCallback(drawTable);
      var suiteTableInitFunctions = new Array();
      var suiteTableData = new Array();
    </script>
    <!--
      <script type="text/javascript" src="jquery-ui/js/jquery-ui-1.8.16.custom.min.js"></script>
     -->
  </head>

  <body>
    <div class="top-banner-root">
      <span class="top-banner-title-font">Test results</span>
      <button id="button" class="button">Switch Retro Theme</button> <!-- button -->
      <br/>
      <span class="top-banner-font-1">1 suite, 5 failed tests</span>
    </div> <!-- top-banner-root -->
    <div class="navigator-root">
      <div class="navigator-suite-header">
        <span>All suites</span>
        <a href="#" title="Collapse/expand all the suites" class="collapse-all-link">
          <img src="collapseall.gif" class="collapse-all-icon">
          </img> <!-- collapse-all-icon -->
        </a> <!-- collapse-all-link -->
      </div> <!-- navigator-suite-header -->
      <div class="suite">
        <div class="rounded-window">
          <div class="suite-header light-rounded-window-top">
            <a href="#" panel-name="suite-Surefire_suite" class="navigator-link">
              <span class="suite-name border-failed">Surefire suite</span>
            </a> <!-- navigator-link -->
          </div> <!-- suite-header light-rounded-window-top -->
          <div class="navigator-suite-content">
            <div class="suite-section-title">
              <span>Info</span>
            </div> <!-- suite-section-title -->
            <div class="suite-section-content">
              <ul>
                <li>
                  <a href="#" panel-name="test-xml-Surefire_suite" class="navigator-link ">
                    <span>[unset file name]</span>
                  </a> <!-- navigator-link  -->
                </li>
                <li>
                  <a href="#" panel-name="testlist-Surefire_suite" class="navigator-link ">
                    <span class="test-stats">1 test</span>
                  </a> <!-- navigator-link  -->
                </li>
                <li>
                  <a href="#" panel-name="group-Surefire_suite" class="navigator-link ">
                    <span>0 groups</span>
                  </a> <!-- navigator-link  -->
                </li>
                <li>
                  <a href="#" panel-name="times-Surefire_suite" class="navigator-link ">
                    <span>Times</span>
                  </a> <!-- navigator-link  -->
                </li>
                <li>
                  <a href="#" panel-name="reporter-Surefire_suite" class="navigator-link ">
                    <span>Reporter output</span>
                  </a> <!-- navigator-link  -->
                </li>
                <li>
                  <a href="#" panel-name="ignored-methods-Surefire_suite" class="navigator-link ">
                    <span>Ignored methods</span>
                  </a> <!-- navigator-link  -->
                </li>
                <li>
                  <a href="#" panel-name="chronological-Surefire_suite" class="navigator-link ">
                    <span>Chronological view</span>
                  </a> <!-- navigator-link  -->
                </li>
              </ul>
            </div> <!-- suite-section-content -->
            <div class="result-section">
              <div class="suite-section-title">
                <span>Results</span>
              </div> <!-- suite-section-title -->
              <div class="suite-section-content">
                <ul>
                  <li>
                    <span class="method-stats">10 methods, 5 failed,   5 passed</span>
                  </li>
                  <li>
                    <span class="method-list-title failed">Failed methods</span>
                    <span class="show-or-hide-methods failed">
                      <a href="#" panel-name="suite-Surefire_suite" class="hide-methods failed suite-Surefire_suite"> (hide)</a> <!-- hide-methods failed suite-Surefire_suite -->
                      <a href="#" panel-name="suite-Surefire_suite" class="show-methods failed suite-Surefire_suite"> (show)</a> <!-- show-methods failed suite-Surefire_suite -->
                    </span>
                    <div class="method-list-content failed suite-Surefire_suite">
                      <span>
                        <img src="failed.png" width="3%"/>
                        <a href="#" panel-name="suite-Surefire_suite" title="com.das.validation.LoginTest" class="method navigator-link" hash-for-method="validateCartpage(com.das.pojo.CustomerInfo@70300e2d)">validateCartpage(com.das.pojo.CustomerInfo@70300e2d)</a> <!-- method navigator-link -->
                      </span>
                      <br/>
                      <span>
                        <img src="failed.png" width="3%"/>
                        <a href="#" panel-name="suite-Surefire_suite" title="com.das.validation.LoginTest" class="method navigator-link" hash-for-method="validateCartpage(com.das.pojo.CustomerInfo@69d1eda7)">validateCartpage(com.das.pojo.CustomerInfo@69d1eda7)</a> <!-- method navigator-link -->
                      </span>
                      <br/>
                      <span>
                        <img src="failed.png" width="3%"/>
                        <a href="#" panel-name="suite-Surefire_suite" title="com.das.validation.LoginTest" class="method navigator-link" hash-for-method="validateCartpage(com.das.pojo.CustomerInfo@5c854694)">validateCartpage(com.das.pojo.CustomerInfo@5c854694)</a> <!-- method navigator-link -->
                      </span>
                      <br/>
                      <span>
                        <img src="failed.png" width="3%"/>
                        <a href="#" panel-name="suite-Surefire_suite" title="com.das.validation.LoginTest" class="method navigator-link" hash-for-method="validateCartpage(com.das.pojo.CustomerInfo@632b027f)">validateCartpage(com.das.pojo.CustomerInfo@632b027f)</a> <!-- method navigator-link -->
                      </span>
                      <br/>
                      <span>
                        <img src="failed.png" width="3%"/>
                        <a href="#" panel-name="suite-Surefire_suite" title="com.das.validation.LoginTest" class="method navigator-link" hash-for-method="validateCartpage(com.das.pojo.CustomerInfo@6c324bc4)">validateCartpage(com.das.pojo.CustomerInfo@6c324bc4)</a> <!-- method navigator-link -->
                      </span>
                      <br/>
                    </div> <!-- method-list-content failed suite-Surefire_suite -->
                  </li>
                  <li>
                    <span class="method-list-title passed">Passed methods</span>
                    <span class="show-or-hide-methods passed">
                      <a href="#" panel-name="suite-Surefire_suite" class="hide-methods passed suite-Surefire_suite"> (hide)</a> <!-- hide-methods passed suite-Surefire_suite -->
                      <a href="#" panel-name="suite-Surefire_suite" class="show-methods passed suite-Surefire_suite"> (show)</a> <!-- show-methods passed suite-Surefire_suite -->
                    </span>
                    <div class="method-list-content passed suite-Surefire_suite">
                      <span>
                        <img src="passed.png" width="3%"/>
                        <a href="#" panel-name="suite-Surefire_suite" title="com.das.validation.LoginTest" class="method navigator-link" hash-for-method="validateCartpage(com.das.pojo.CustomerInfo@1941ee8a)">validateCartpage(com.das.pojo.CustomerInfo@1941ee8a)</a> <!-- method navigator-link -->
                      </span>
                      <br/>
                      <span>
                        <img src="passed.png" width="3%"/>
                        <a href="#" panel-name="suite-Surefire_suite" title="com.das.validation.LoginTest" class="method navigator-link" hash-for-method="validateCartpage(com.das.pojo.CustomerInfo@49413ffc)">validateCartpage(com.das.pojo.CustomerInfo@49413ffc)</a> <!-- method navigator-link -->
                      </span>
                      <br/>
                      <span>
                        <img src="passed.png" width="3%"/>
                        <a href="#" panel-name="suite-Surefire_suite" title="com.das.validation.LoginTest" class="method navigator-link" hash-for-method="validateCartpage(com.das.pojo.CustomerInfo@2d7754cd)">validateCartpage(com.das.pojo.CustomerInfo@2d7754cd)</a> <!-- method navigator-link -->
                      </span>
                      <br/>
                      <span>
                        <img src="passed.png" width="3%"/>
                        <a href="#" panel-name="suite-Surefire_suite" title="com.das.validation.LoginTest" class="method navigator-link" hash-for-method="validateCartpage(com.das.pojo.CustomerInfo@5a5ec636)">validateCartpage(com.das.pojo.CustomerInfo@5a5ec636)</a> <!-- method navigator-link -->
                      </span>
                      <br/>
                      <span>
                        <img src="passed.png" width="3%"/>
                        <a href="#" panel-name="suite-Surefire_suite" title="com.das.validation.LoginTest" class="method navigator-link" hash-for-method="validateCartpage(com.das.pojo.CustomerInfo@3b6a06ad)">validateCartpage(com.das.pojo.CustomerInfo@3b6a06ad)</a> <!-- method navigator-link -->
                      </span>
                      <br/>
                    </div> <!-- method-list-content passed suite-Surefire_suite -->
                  </li>
                </ul>
              </div> <!-- suite-section-content -->
            </div> <!-- result-section -->
          </div> <!-- navigator-suite-content -->
        </div> <!-- rounded-window -->
      </div> <!-- suite -->
    </div> <!-- navigator-root -->
    <div class="wrapper">
      <div class="main-panel-root">
        <div panel-name="suite-Surefire_suite" class="panel Surefire_suite">
          <div class="suite-Surefire_suite-class-failed">
            <div class="main-panel-header rounded-window-top">
              <img src="failed.png"/>
              <span class="class-name">com.das.validation.LoginTest</span>
            </div> <!-- main-panel-header rounded-window-top -->
            <div class="main-panel-content rounded-window-bottom">
              <div class="method">
                <div class="method-content">
                  <a name="validateCartpage(com.das.pojo.CustomerInfo@70300e2d)">
                  </a> <!-- validateCartpage(com.das.pojo.CustomerInfo@70300e2d) -->
                  <span class="method-name">validateCartpage</span>
                  <span class="parameters">(com.das.pojo.CustomerInfo@70300e2d)</span>
                  <div class="stack-trace">org.openqa.selenium.NoSuchElementException: no such element: Unable to locate element: {&quot;method&quot;:&quot;link text&quot;,&quot;selector&quot;:&quot;Orders&quot;}
  (Session info: chrome=115.0.5790.3)
For documentation on this error, please visit: https://www.seleniumhq.org/exceptions/no_such_element.html
Build info: version: &apos;3.141.59&apos;, revision: &apos;e82be7d358&apos;, time: &apos;2018-11-14T08:17:03&apos;
System info: host: &apos;DASG16&apos;, ip: &apos;10.0.0.39&apos;, os.name: &apos;Windows 11&apos;, os.arch: &apos;amd64&apos;, os.version: &apos;10.0&apos;, java.version: &apos;17.0.8&apos;
Driver info: org.openqa.selenium.remote.RemoteWebDriver
Capabilities {acceptInsecureCerts: false, browserName: chrome, browserVersion: 115.0.5790.3, chrome: {chromedriverVersion: 114.0.5735.90 (386bc09e8f4f..., userDataDir: /tmp/.com.google.Chrome.u6NpvL}, goog:chromeOptions: {debuggerAddress: localhost:44863}, javascriptEnabled: true, networkConnectionEnabled: false, pageLoadStrategy: normal, platform: LINUX, platformName: LINUX, proxy: Proxy(), se:bidiEnabled: false, se:cdp: ws://172.19.0.13:4444/sessi..., se:cdpVersion: 115.0.5790.3, se:vnc: ws://172.19.0.13:4444/sessi..., se:vncEnabled: true, se:vncLocalAddress: ws://172.19.0.13:7900, setWindowRect: true, strictFileInteractability: false, timeouts: {implicit: 0, pageLoad: 300000, script: 30000}, unhandledPromptBehavior: dismiss and notify, webauthn:extension:credBlob: true, webauthn:extension:largeBlob: true, webauthn:extension:minPinLength: true, webauthn:extension:prf: true, webauthn:virtualAuthenticators: true}
Session ID: 29837ff05122eac8707ec689681eb420
*** Element info: {Using=link text, value=Orders}
	at org.openqa.selenium.remote.http.W3CHttpResponseCodec.createException(W3CHttpResponseCodec.java:187)
	at org.openqa.selenium.remote.http.W3CHttpResponseCodec.decode(W3CHttpResponseCodec.java:122)
	at org.openqa.selenium.remote.http.W3CHttpResponseCodec.decode(W3CHttpResponseCodec.java:49)
	at org.openqa.selenium.remote.HttpCommandExecutor.execute(HttpCommandExecutor.java:158)
	at org.openqa.selenium.remote.RemoteWebDriver.execute(RemoteWebDriver.java:552)
	at org.openqa.selenium.remote.RemoteWebDriver.findElement(RemoteWebDriver.java:323)
	at org.openqa.selenium.remote.RemoteWebDriver.findElementByLinkText(RemoteWebDriver.java:380)
	at org.openqa.selenium.By$ByLinkText.findElement(By.java:220)
	at org.openqa.selenium.remote.RemoteWebDriver.findElement(RemoteWebDriver.java:315)
	at com.das.pom.AccountPage.getOrderLink(AccountPage.java:36)
	at com.das.validation.LoginTest.validateCartpage(LoginTest.java:22)
	at java.base/java.util.concurrent.FutureTask.run(FutureTask.java:264)
	at java.base/java.util.concurrent.Executors$RunnableAdapter.call(Executors.java:539)
	at java.base/java.util.concurrent.FutureTask.run(FutureTask.java:264)
	at java.base/java.util.concurrent.ThreadPoolExecutor.runWorker(ThreadPoolExecutor.java:1136)
	at java.base/java.util.concurrent.ThreadPoolExecutor$Worker.run(ThreadPoolExecutor.java:635)
	at java.base/java.lang.Thread.run(Thread.java:833)
... Removed 14 stack frames
</div> <!-- stack-trace -->
                </div> <!-- method-content -->
              </div> <!-- method -->
              <div class="method">
                <div class="method-content">
                  <a name="validateCartpage(com.das.pojo.CustomerInfo@69d1eda7)">
                  </a> <!-- validateCartpage(com.das.pojo.CustomerInfo@69d1eda7) -->
                  <span class="method-name">validateCartpage</span>
                  <span class="parameters">(com.das.pojo.CustomerInfo@69d1eda7)</span>
                  <div class="stack-trace">org.openqa.selenium.NoSuchElementException: no such element: Unable to locate element: {&quot;method&quot;:&quot;link text&quot;,&quot;selector&quot;:&quot;Orders&quot;}
  (Session info: chrome=115.0.5790.3)
For documentation on this error, please visit: https://www.seleniumhq.org/exceptions/no_such_element.html
Build info: version: &apos;3.141.59&apos;, revision: &apos;e82be7d358&apos;, time: &apos;2018-11-14T08:17:03&apos;
System info: host: &apos;DASG16&apos;, ip: &apos;10.0.0.39&apos;, os.name: &apos;Windows 11&apos;, os.arch: &apos;amd64&apos;, os.version: &apos;10.0&apos;, java.version: &apos;17.0.8&apos;
Driver info: org.openqa.selenium.remote.RemoteWebDriver
Capabilities {acceptInsecureCerts: false, browserName: chrome, browserVersion: 115.0.5790.3, chrome: {chromedriverVersion: 114.0.5735.90 (386bc09e8f4f..., userDataDir: /tmp/.com.google.Chrome.CoQKQx}, goog:chromeOptions: {debuggerAddress: localhost:33523}, javascriptEnabled: true, networkConnectionEnabled: false, pageLoadStrategy: normal, platform: LINUX, platformName: LINUX, proxy: Proxy(), se:bidiEnabled: false, se:cdp: ws://172.19.0.6:4444/sessio..., se:cdpVersion: 115.0.5790.3, se:vnc: ws://172.19.0.6:4444/sessio..., se:vncEnabled: true, se:vncLocalAddress: ws://172.19.0.6:7900, setWindowRect: true, strictFileInteractability: false, timeouts: {implicit: 0, pageLoad: 300000, script: 30000}, unhandledPromptBehavior: dismiss and notify, webauthn:extension:credBlob: true, webauthn:extension:largeBlob: true, webauthn:extension:minPinLength: true, webauthn:extension:prf: true, webauthn:virtualAuthenticators: true}
Session ID: d1d3915955763beab74d5f4450e0e80c
*** Element info: {Using=link text, value=Orders}
	at org.openqa.selenium.remote.http.W3CHttpResponseCodec.createException(W3CHttpResponseCodec.java:187)
	at org.openqa.selenium.remote.http.W3CHttpResponseCodec.decode(W3CHttpResponseCodec.java:122)
	at org.openqa.selenium.remote.http.W3CHttpResponseCodec.decode(W3CHttpResponseCodec.java:49)
	at org.openqa.selenium.remote.HttpCommandExecutor.execute(HttpCommandExecutor.java:158)
	at org.openqa.selenium.remote.RemoteWebDriver.execute(RemoteWebDriver.java:552)
	at org.openqa.selenium.remote.RemoteWebDriver.findElement(RemoteWebDriver.java:323)
	at org.openqa.selenium.remote.RemoteWebDriver.findElementByLinkText(RemoteWebDriver.java:380)
	at org.openqa.selenium.By$ByLinkText.findElement(By.java:220)
	at org.openqa.selenium.remote.RemoteWebDriver.findElement(RemoteWebDriver.java:315)
	at com.das.pom.AccountPage.getOrderLink(AccountPage.java:36)
	at com.das.validation.LoginTest.validateCartpage(LoginTest.java:22)
	at java.base/java.util.concurrent.FutureTask.run(FutureTask.java:264)
	at java.base/java.util.concurrent.Executors$RunnableAdapter.call(Executors.java:539)
	at java.base/java.util.concurrent.FutureTask.run(FutureTask.java:264)
	at java.base/java.util.concurrent.ThreadPoolExecutor.runWorker(ThreadPoolExecutor.java:1136)
	at java.base/java.util.concurrent.ThreadPoolExecutor$Worker.run(ThreadPoolExecutor.java:635)
	at java.base/java.lang.Thread.run(Thread.java:833)
... Removed 14 stack frames
</div> <!-- stack-trace -->
                </div> <!-- method-content -->
              </div> <!-- method -->
              <div class="method">
                <div class="method-content">
                  <a name="validateCartpage(com.das.pojo.CustomerInfo@5c854694)">
                  </a> <!-- validateCartpage(com.das.pojo.CustomerInfo@5c854694) -->
                  <span class="method-name">validateCartpage</span>
                  <span class="parameters">(com.das.pojo.CustomerInfo@5c854694)</span>
                  <div class="stack-trace">org.openqa.selenium.NoSuchElementException: no such element: Unable to locate element: {&quot;method&quot;:&quot;link text&quot;,&quot;selector&quot;:&quot;Orders&quot;}
  (Session info: chrome=115.0.5790.3)
For documentation on this error, please visit: https://www.seleniumhq.org/exceptions/no_such_element.html
Build info: version: &apos;3.141.59&apos;, revision: &apos;e82be7d358&apos;, time: &apos;2018-11-14T08:17:03&apos;
System info: host: &apos;DASG16&apos;, ip: &apos;10.0.0.39&apos;, os.name: &apos;Windows 11&apos;, os.arch: &apos;amd64&apos;, os.version: &apos;10.0&apos;, java.version: &apos;17.0.8&apos;
Driver info: org.openqa.selenium.remote.RemoteWebDriver
Capabilities {acceptInsecureCerts: false, browserName: chrome, browserVersion: 115.0.5790.3, chrome: {chromedriverVersion: 114.0.5735.90 (386bc09e8f4f..., userDataDir: /tmp/.com.google.Chrome.WZWS9X}, goog:chromeOptions: {debuggerAddress: localhost:46751}, javascriptEnabled: true, networkConnectionEnabled: false, pageLoadStrategy: normal, platform: LINUX, platformName: LINUX, proxy: Proxy(), se:bidiEnabled: false, se:cdp: ws://172.19.0.7:4444/sessio..., se:cdpVersion: 115.0.5790.3, se:vnc: ws://172.19.0.7:4444/sessio..., se:vncEnabled: true, se:vncLocalAddress: ws://172.19.0.7:7900, setWindowRect: true, strictFileInteractability: false, timeouts: {implicit: 0, pageLoad: 300000, script: 30000}, unhandledPromptBehavior: dismiss and notify, webauthn:extension:credBlob: true, webauthn:extension:largeBlob: true, webauthn:extension:minPinLength: true, webauthn:extension:prf: true, webauthn:virtualAuthenticators: true}
Session ID: 0420bc00623e2de9581197c4b2a42b02
*** Element info: {Using=link text, value=Orders}
	at org.openqa.selenium.remote.http.W3CHttpResponseCodec.createException(W3CHttpResponseCodec.java:187)
	at org.openqa.selenium.remote.http.W3CHttpResponseCodec.decode(W3CHttpResponseCodec.java:122)
	at org.openqa.selenium.remote.http.W3CHttpResponseCodec.decode(W3CHttpResponseCodec.java:49)
	at org.openqa.selenium.remote.HttpCommandExecutor.execute(HttpCommandExecutor.java:158)
	at org.openqa.selenium.remote.RemoteWebDriver.execute(RemoteWebDriver.java:552)
	at org.openqa.selenium.remote.RemoteWebDriver.findElement(RemoteWebDriver.java:323)
	at org.openqa.selenium.remote.RemoteWebDriver.findElementByLinkText(RemoteWebDriver.java:380)
	at org.openqa.selenium.By$ByLinkText.findElement(By.java:220)
	at org.openqa.selenium.remote.RemoteWebDriver.findElement(RemoteWebDriver.java:315)
	at com.das.pom.AccountPage.getOrderLink(AccountPage.java:36)
	at com.das.validation.LoginTest.validateCartpage(LoginTest.java:22)
	at java.base/java.util.concurrent.FutureTask.run(FutureTask.java:264)
	at java.base/java.util.concurrent.Executors$RunnableAdapter.call(Executors.java:539)
	at java.base/java.util.concurrent.FutureTask.run(FutureTask.java:264)
	at java.base/java.util.concurrent.ThreadPoolExecutor.runWorker(ThreadPoolExecutor.java:1136)
	at java.base/java.util.concurrent.ThreadPoolExecutor$Worker.run(ThreadPoolExecutor.java:635)
	at java.base/java.lang.Thread.run(Thread.java:833)
... Removed 14 stack frames
</div> <!-- stack-trace -->
                </div> <!-- method-content -->
              </div> <!-- method -->
              <div class="method">
                <div class="method-content">
                  <a name="validateCartpage(com.das.pojo.CustomerInfo@632b027f)">
                  </a> <!-- validateCartpage(com.das.pojo.CustomerInfo@632b027f) -->
                  <span class="method-name">validateCartpage</span>
                  <span class="parameters">(com.das.pojo.CustomerInfo@632b027f)</span>
                  <div class="stack-trace">org.openqa.selenium.NoSuchElementException: no such element: Unable to locate element: {&quot;method&quot;:&quot;link text&quot;,&quot;selector&quot;:&quot;Orders&quot;}
  (Session info: chrome=115.0.5790.3)
For documentation on this error, please visit: https://www.seleniumhq.org/exceptions/no_such_element.html
Build info: version: &apos;3.141.59&apos;, revision: &apos;e82be7d358&apos;, time: &apos;2018-11-14T08:17:03&apos;
System info: host: &apos;DASG16&apos;, ip: &apos;10.0.0.39&apos;, os.name: &apos;Windows 11&apos;, os.arch: &apos;amd64&apos;, os.version: &apos;10.0&apos;, java.version: &apos;17.0.8&apos;
Driver info: org.openqa.selenium.remote.RemoteWebDriver
Capabilities {acceptInsecureCerts: false, browserName: chrome, browserVersion: 115.0.5790.3, chrome: {chromedriverVersion: 114.0.5735.90 (386bc09e8f4f..., userDataDir: /tmp/.com.google.Chrome.5AVv7K}, goog:chromeOptions: {debuggerAddress: localhost:39531}, javascriptEnabled: true, networkConnectionEnabled: false, pageLoadStrategy: normal, platform: LINUX, platformName: LINUX, proxy: Proxy(), se:bidiEnabled: false, se:cdp: ws://172.19.0.3:4444/sessio..., se:cdpVersion: 115.0.5790.3, se:vnc: ws://172.19.0.3:4444/sessio..., se:vncEnabled: true, se:vncLocalAddress: ws://172.19.0.3:7900, setWindowRect: true, strictFileInteractability: false, timeouts: {implicit: 0, pageLoad: 300000, script: 30000}, unhandledPromptBehavior: dismiss and notify, webauthn:extension:credBlob: true, webauthn:extension:largeBlob: true, webauthn:extension:minPinLength: true, webauthn:extension:prf: true, webauthn:virtualAuthenticators: true}
Session ID: b284562dcf8cf6a848cd85a649fbee3f
*** Element info: {Using=link text, value=Orders}
	at org.openqa.selenium.remote.http.W3CHttpResponseCodec.createException(W3CHttpResponseCodec.java:187)
	at org.openqa.selenium.remote.http.W3CHttpResponseCodec.decode(W3CHttpResponseCodec.java:122)
	at org.openqa.selenium.remote.http.W3CHttpResponseCodec.decode(W3CHttpResponseCodec.java:49)
	at org.openqa.selenium.remote.HttpCommandExecutor.execute(HttpCommandExecutor.java:158)
	at org.openqa.selenium.remote.RemoteWebDriver.execute(RemoteWebDriver.java:552)
	at org.openqa.selenium.remote.RemoteWebDriver.findElement(RemoteWebDriver.java:323)
	at org.openqa.selenium.remote.RemoteWebDriver.findElementByLinkText(RemoteWebDriver.java:380)
	at org.openqa.selenium.By$ByLinkText.findElement(By.java:220)
	at org.openqa.selenium.remote.RemoteWebDriver.findElement(RemoteWebDriver.java:315)
	at com.das.pom.AccountPage.getOrderLink(AccountPage.java:36)
	at com.das.validation.LoginTest.validateCartpage(LoginTest.java:22)
	at java.base/java.util.concurrent.FutureTask.run(FutureTask.java:264)
	at java.base/java.util.concurrent.Executors$RunnableAdapter.call(Executors.java:539)
	at java.base/java.util.concurrent.FutureTask.run(FutureTask.java:264)
	at java.base/java.util.concurrent.ThreadPoolExecutor.runWorker(ThreadPoolExecutor.java:1136)
	at java.base/java.util.concurrent.ThreadPoolExecutor$Worker.run(ThreadPoolExecutor.java:635)
	at java.base/java.lang.Thread.run(Thread.java:833)
... Removed 14 stack frames
</div> <!-- stack-trace -->
                </div> <!-- method-content -->
              </div> <!-- method -->
              <div class="method">
                <div class="method-content">
                  <a name="validateCartpage(com.das.pojo.CustomerInfo@6c324bc4)">
                  </a> <!-- validateCartpage(com.das.pojo.CustomerInfo@6c324bc4) -->
                  <span class="method-name">validateCartpage</span>
                  <span class="parameters">(com.das.pojo.CustomerInfo@6c324bc4)</span>
                  <div class="stack-trace">org.openqa.selenium.NoSuchElementException: no such element: Unable to locate element: {&quot;method&quot;:&quot;link text&quot;,&quot;selector&quot;:&quot;Orders&quot;}
  (Session info: chrome=115.0.5790.3)
For documentation on this error, please visit: https://www.seleniumhq.org/exceptions/no_such_element.html
Build info: version: &apos;3.141.59&apos;, revision: &apos;e82be7d358&apos;, time: &apos;2018-11-14T08:17:03&apos;
System info: host: &apos;DASG16&apos;, ip: &apos;10.0.0.39&apos;, os.name: &apos;Windows 11&apos;, os.arch: &apos;amd64&apos;, os.version: &apos;10.0&apos;, java.version: &apos;17.0.8&apos;
Driver info: org.openqa.selenium.remote.RemoteWebDriver
Capabilities {acceptInsecureCerts: false, browserName: chrome, browserVersion: 115.0.5790.3, chrome: {chromedriverVersion: 114.0.5735.90 (386bc09e8f4f..., userDataDir: /tmp/.com.google.Chrome.QFQkir}, goog:chromeOptions: {debuggerAddress: localhost:41819}, javascriptEnabled: true, networkConnectionEnabled: false, pageLoadStrategy: normal, platform: LINUX, platformName: LINUX, proxy: Proxy(), se:bidiEnabled: false, se:cdp: ws://172.19.0.14:4444/sessi..., se:cdpVersion: 115.0.5790.3, se:vnc: ws://172.19.0.14:4444/sessi..., se:vncEnabled: true, se:vncLocalAddress: ws://172.19.0.14:7900, setWindowRect: true, strictFileInteractability: false, timeouts: {implicit: 0, pageLoad: 300000, script: 30000}, unhandledPromptBehavior: dismiss and notify, webauthn:extension:credBlob: true, webauthn:extension:largeBlob: true, webauthn:extension:minPinLength: true, webauthn:extension:prf: true, webauthn:virtualAuthenticators: true}
Session ID: 924ffc9ba3ebc1cbd6aaa229820f66c8
*** Element info: {Using=link text, value=Orders}
	at org.openqa.selenium.remote.http.W3CHttpResponseCodec.createException(W3CHttpResponseCodec.java:187)
	at org.openqa.selenium.remote.http.W3CHttpResponseCodec.decode(W3CHttpResponseCodec.java:122)
	at org.openqa.selenium.remote.http.W3CHttpResponseCodec.decode(W3CHttpResponseCodec.java:49)
	at org.openqa.selenium.remote.HttpCommandExecutor.execute(HttpCommandExecutor.java:158)
	at org.openqa.selenium.remote.RemoteWebDriver.execute(RemoteWebDriver.java:552)
	at org.openqa.selenium.remote.RemoteWebDriver.findElement(RemoteWebDriver.java:323)
	at org.openqa.selenium.remote.RemoteWebDriver.findElementByLinkText(RemoteWebDriver.java:380)
	at org.openqa.selenium.By$ByLinkText.findElement(By.java:220)
	at org.openqa.selenium.remote.RemoteWebDriver.findElement(RemoteWebDriver.java:315)
	at com.das.pom.AccountPage.getOrderLink(AccountPage.java:36)
	at com.das.validation.LoginTest.validateCartpage(LoginTest.java:22)
	at java.base/java.util.concurrent.FutureTask.run(FutureTask.java:264)
	at java.base/java.util.concurrent.Executors$RunnableAdapter.call(Executors.java:539)
	at java.base/java.util.concurrent.FutureTask.run(FutureTask.java:264)
	at java.base/java.util.concurrent.ThreadPoolExecutor.runWorker(ThreadPoolExecutor.java:1136)
	at java.base/java.util.concurrent.ThreadPoolExecutor$Worker.run(ThreadPoolExecutor.java:635)
	at java.base/java.lang.Thread.run(Thread.java:833)
... Removed 14 stack frames
</div> <!-- stack-trace -->
                </div> <!-- method-content -->
              </div> <!-- method -->
            </div> <!-- main-panel-content rounded-window-bottom -->
          </div> <!-- suite-Surefire_suite-class-failed -->
          <div class="suite-Surefire_suite-class-passed">
            <div class="main-panel-header rounded-window-top">
              <img src="passed.png"/>
              <span class="class-name">com.das.validation.LoginTest</span>
            </div> <!-- main-panel-header rounded-window-top -->
            <div class="main-panel-content rounded-window-bottom">
              <div class="method">
                <div class="method-content">
                  <a name="validateCartpage(com.das.pojo.CustomerInfo@1941ee8a)">
                  </a> <!-- validateCartpage(com.das.pojo.CustomerInfo@1941ee8a) -->
                  <span class="method-name">validateCartpage</span>
                  <span class="parameters">(com.das.pojo.CustomerInfo@1941ee8a)</span>
                </div> <!-- method-content -->
              </div> <!-- method -->
              <div class="method">
                <div class="method-content">
                  <a name="validateCartpage(com.das.pojo.CustomerInfo@49413ffc)">
                  </a> <!-- validateCartpage(com.das.pojo.CustomerInfo@49413ffc) -->
                  <span class="method-name">validateCartpage</span>
                  <span class="parameters">(com.das.pojo.CustomerInfo@49413ffc)</span>
                </div> <!-- method-content -->
              </div> <!-- method -->
              <div class="method">
                <div class="method-content">
                  <a name="validateCartpage(com.das.pojo.CustomerInfo@2d7754cd)">
                  </a> <!-- validateCartpage(com.das.pojo.CustomerInfo@2d7754cd) -->
                  <span class="method-name">validateCartpage</span>
                  <span class="parameters">(com.das.pojo.CustomerInfo@2d7754cd)</span>
                </div> <!-- method-content -->
              </div> <!-- method -->
              <div class="method">
                <div class="method-content">
                  <a name="validateCartpage(com.das.pojo.CustomerInfo@5a5ec636)">
                  </a> <!-- validateCartpage(com.das.pojo.CustomerInfo@5a5ec636) -->
                  <span class="method-name">validateCartpage</span>
                  <span class="parameters">(com.das.pojo.CustomerInfo@5a5ec636)</span>
                </div> <!-- method-content -->
              </div> <!-- method -->
              <div class="method">
                <div class="method-content">
                  <a name="validateCartpage(com.das.pojo.CustomerInfo@3b6a06ad)">
                  </a> <!-- validateCartpage(com.das.pojo.CustomerInfo@3b6a06ad) -->
                  <span class="method-name">validateCartpage</span>
                  <span class="parameters">(com.das.pojo.CustomerInfo@3b6a06ad)</span>
                </div> <!-- method-content -->
              </div> <!-- method -->
            </div> <!-- main-panel-content rounded-window-bottom -->
          </div> <!-- suite-Surefire_suite-class-passed -->
        </div> <!-- panel Surefire_suite -->
        <div panel-name="test-xml-Surefire_suite" class="panel">
          <div class="main-panel-header rounded-window-top">
          </div> <!-- main-panel-header rounded-window-top -->
          <div class="main-panel-content rounded-window-bottom">
            <pre>
&lt;?xml version=&quot;1.0&quot; encoding=&quot;UTF-8&quot;?&gt;
&lt;!DOCTYPE suite SYSTEM &quot;https://testng.org/testng-1.0.dtd&quot;&gt;
&lt;suite name=&quot;Surefire suite&quot; verbose=&quot;0&quot;&gt;
  &lt;test thread-count=&quot;5&quot; name=&quot;Surefire test&quot; verbose=&quot;0&quot;&gt;
    &lt;classes&gt;
      &lt;class name=&quot;com.das.validation.LoginTest&quot;/&gt;
    &lt;/classes&gt;
  &lt;/test&gt; &lt;!-- Surefire test --&gt;
&lt;/suite&gt; &lt;!-- Surefire suite --&gt;
            </pre>
          </div> <!-- main-panel-content rounded-window-bottom -->
        </div> <!-- panel -->
        <div panel-name="testlist-Surefire_suite" class="panel">
          <div class="main-panel-header rounded-window-top">
            <span class="header-content">Tests for Surefire suite</span>
          </div> <!-- main-panel-header rounded-window-top -->
          <div class="main-panel-content rounded-window-bottom">
            <ul>
              <li>
                <span class="test-name">Surefire test (1 class)</span>
              </li>
            </ul>
          </div> <!-- main-panel-content rounded-window-bottom -->
        </div> <!-- panel -->
        <div panel-name="group-Surefire_suite" class="panel">
          <div class="main-panel-header rounded-window-top">
            <span class="header-content">Groups for Surefire suite</span>
          </div> <!-- main-panel-header rounded-window-top -->
          <div class="main-panel-content rounded-window-bottom">
          </div> <!-- main-panel-content rounded-window-bottom -->
        </div> <!-- panel -->
        <div panel-name="times-Surefire_suite" class="panel">
          <div class="main-panel-header rounded-window-top">
            <span class="header-content">Times for Surefire suite</span>
          </div> <!-- main-panel-header rounded-window-top -->
          <div class="main-panel-content rounded-window-bottom">
            <div class="times-div">
              <script type="text/javascript">
suiteTableInitFunctions.push('tableData_Surefire_suite');
function tableData_Surefire_suite() {
var data = new google.visualization.DataTable();
data.addColumn('number', 'Number');
data.addColumn('string', 'Method');
data.addColumn('string', 'Class');
data.addColumn('number', 'Time (ms)');
data.addRows(10);
data.setCell(0, 0, 0)
data.setCell(0, 1, 'validateCartpage')
data.setCell(0, 2, 'com.das.validation.LoginTest')
data.setCell(0, 3, 39773);
data.setCell(1, 0, 1)
data.setCell(1, 1, 'validateCartpage')
data.setCell(1, 2, 'com.das.validation.LoginTest')
data.setCell(1, 3, 39362);
data.setCell(2, 0, 2)
data.setCell(2, 1, 'validateCartpage')
data.setCell(2, 2, 'com.das.validation.LoginTest')
data.setCell(2, 3, 39224);
data.setCell(3, 0, 3)
data.setCell(3, 1, 'validateCartpage')
data.setCell(3, 2, 'com.das.validation.LoginTest')
data.setCell(3, 3, 38633);
data.setCell(4, 0, 4)
data.setCell(4, 1, 'validateCartpage')
data.setCell(4, 2, 'com.das.validation.LoginTest')
data.setCell(4, 3, 38411);
data.setCell(5, 0, 5)
data.setCell(5, 1, 'validateCartpage')
data.setCell(5, 2, 'com.das.validation.LoginTest')
data.setCell(5, 3, 12228);
data.setCell(6, 0, 6)
data.setCell(6, 1, 'validateCartpage')
data.setCell(6, 2, 'com.das.validation.LoginTest')
data.setCell(6, 3, 11656);
data.setCell(7, 0, 7)
data.setCell(7, 1, 'validateCartpage')
data.setCell(7, 2, 'com.das.validation.LoginTest')
data.setCell(7, 3, 11599);
data.setCell(8, 0, 8)
data.setCell(8, 1, 'validateCartpage')
data.setCell(8, 2, 'com.das.validation.LoginTest')
data.setCell(8, 3, 10802);
data.setCell(9, 0, 9)
data.setCell(9, 1, 'validateCartpage')
data.setCell(9, 2, 'com.das.validation.LoginTest')
data.setCell(9, 3, 9929);
window.suiteTableData['Surefire_suite']= { tableData: data, tableDiv: 'times-div-Surefire_suite'}
return data;
}
              </script>
              <span class="suite-total-time">Total running time: 4 minutes</span>
              <div id="times-div-Surefire_suite">
              </div> <!-- times-div-Surefire_suite -->
            </div> <!-- times-div -->
          </div> <!-- main-panel-content rounded-window-bottom -->
        </div> <!-- panel -->
        <div panel-name="reporter-Surefire_suite" class="panel">
          <div class="main-panel-header rounded-window-top">
            <span class="header-content">Reporter output for Surefire suite</span>
          </div> <!-- main-panel-header rounded-window-top -->
          <div class="main-panel-content rounded-window-bottom">
            <div class="reporter-method-div">
              <span class="reporter-method-name">validateCartpage(com.das.pojo.CustomerInfo@70300e2d)</span>
              <div class="reporter-method-output-div">
                <span class="reporter-method-output"><a href='C:\Users\goura\git\DesktopAutomationFramework/Screenshots/23\LoginTest\validateCartpage.png'> <img src='C:\Users\goura\git\DesktopAutomationFramework/Screenshots/23\LoginTest\validateCartpage.png' height='400' width='400'/> </a></span>
              </div> <!-- reporter-method-output-div -->
            </div> <!-- reporter-method-div -->
            <div class="reporter-method-div">
              <span class="reporter-method-name">validateCartpage(com.das.pojo.CustomerInfo@69d1eda7)</span>
              <div class="reporter-method-output-div">
                <span class="reporter-method-output"><a href='C:\Users\goura\git\DesktopAutomationFramework/Screenshots/27\LoginTest\validateCartpage.png'> <img src='C:\Users\goura\git\DesktopAutomationFramework/Screenshots/27\LoginTest\validateCartpage.png' height='400' width='400'/> </a></span>
              </div> <!-- reporter-method-output-div -->
            </div> <!-- reporter-method-div -->
            <div class="reporter-method-div">
              <span class="reporter-method-name">validateCartpage(com.das.pojo.CustomerInfo@5c854694)</span>
              <div class="reporter-method-output-div">
                <span class="reporter-method-output"><a href='C:\Users\goura\git\DesktopAutomationFramework/Screenshots/25\LoginTest\validateCartpage.png'> <img src='C:\Users\goura\git\DesktopAutomationFramework/Screenshots/25\LoginTest\validateCartpage.png' height='400' width='400'/> </a></span>
              </div> <!-- reporter-method-output-div -->
            </div> <!-- reporter-method-div -->
            <div class="reporter-method-div">
              <span class="reporter-method-name">validateCartpage(com.das.pojo.CustomerInfo@632b027f)</span>
              <div class="reporter-method-output-div">
                <span class="reporter-method-output"><a href='C:\Users\goura\git\DesktopAutomationFramework/Screenshots/24\LoginTest\validateCartpage.png'> <img src='C:\Users\goura\git\DesktopAutomationFramework/Screenshots/24\LoginTest\validateCartpage.png' height='400' width='400'/> </a></span>
              </div> <!-- reporter-method-output-div -->
            </div> <!-- reporter-method-div -->
            <div class="reporter-method-div">
              <span class="reporter-method-name">validateCartpage(com.das.pojo.CustomerInfo@6c324bc4)</span>
              <div class="reporter-method-output-div">
                <span class="reporter-method-output"><a href='C:\Users\goura\git\DesktopAutomationFramework/Screenshots/26\LoginTest\validateCartpage.png'> <img src='C:\Users\goura\git\DesktopAutomationFramework/Screenshots/26\LoginTest\validateCartpage.png' height='400' width='400'/> </a></span>
              </div> <!-- reporter-method-output-div -->
            </div> <!-- reporter-method-div -->
          </div> <!-- main-panel-content rounded-window-bottom -->
        </div> <!-- panel -->
        <div panel-name="ignored-methods-Surefire_suite" class="panel">
          <div class="main-panel-header rounded-window-top">
            <span class="header-content">0 ignored methods</span>
          </div> <!-- main-panel-header rounded-window-top -->
          <div class="main-panel-content rounded-window-bottom">
          </div> <!-- main-panel-content rounded-window-bottom -->
        </div> <!-- panel -->
        <div panel-name="chronological-Surefire_suite" class="panel">
          <div class="main-panel-header rounded-window-top">
            <span class="header-content">Methods in chronological order</span>
          </div> <!-- main-panel-header rounded-window-top -->
          <div class="main-panel-content rounded-window-bottom">
            <div class="chronological-class">
              <div class="chronological-class-name">com.das.validation.LoginTest</div> <!-- chronological-class-name -->
              <div class="configuration-suite before">
                <span class="method-name">startDockerGrid</span>
                <span class="method-start">0 ms</span>
              </div> <!-- configuration-suite before -->
              <div class="configuration-method before">
                <span class="method-name">startDriver(org.testng.TestRunner@6a84bc2a)</span>
                <span class="method-start">19296 ms</span>
              </div> <!-- configuration-method before -->
              <div class="configuration-method before">
                <span class="method-name">startDriver(org.testng.TestRunner@6a84bc2a)</span>
                <span class="method-start">19298 ms</span>
              </div> <!-- configuration-method before -->
              <div class="configuration-method before">
                <span class="method-name">startDriver(org.testng.TestRunner@6a84bc2a)</span>
                <span class="method-start">19299 ms</span>
              </div> <!-- configuration-method before -->
              <div class="configuration-method before">
                <span class="method-name">startDriver(org.testng.TestRunner@6a84bc2a)</span>
                <span class="method-start">19299 ms</span>
              </div> <!-- configuration-method before -->
              <div class="configuration-method before">
                <span class="method-name">startDriver(org.testng.TestRunner@6a84bc2a)</span>
                <span class="method-start">19300 ms</span>
              </div> <!-- configuration-method before -->
              <div class="configuration-method before">
                <span class="method-name">startDriver(org.testng.TestRunner@6a84bc2a)</span>
                <span class="method-start">19300 ms</span>
              </div> <!-- configuration-method before -->
              <div class="configuration-method before">
                <span class="method-name">startDriver(org.testng.TestRunner@6a84bc2a)</span>
                <span class="method-start">19301 ms</span>
              </div> <!-- configuration-method before -->
              <div class="configuration-method before">
                <span class="method-name">startDriver(org.testng.TestRunner@6a84bc2a)</span>
                <span class="method-start">19301 ms</span>
              </div> <!-- configuration-method before -->
              <div class="configuration-method before">
                <span class="method-name">startDriver(org.testng.TestRunner@6a84bc2a)</span>
                <span class="method-start">19301 ms</span>
              </div> <!-- configuration-method before -->
              <div class="configuration-method before">
                <span class="method-name">startDriver(org.testng.TestRunner@6a84bc2a)</span>
                <span class="method-start">19302 ms</span>
              </div> <!-- configuration-method before -->
              <div class="test-method">
                <span class="method-name">validateCartpage(com.das.pojo.CustomerInfo@3b6a06ad)</span>
                <span class="method-start">25370 ms</span>
              </div> <!-- test-method -->
              <div class="test-method">
                <img src="failed.png">
                </img>
                <span class="method-name">validateCartpage(com.das.pojo.CustomerInfo@5c854694)</span>
                <span class="method-start">25471 ms</span>
              </div> <!-- test-method -->
              <div class="test-method">
                <span class="method-name">validateCartpage(com.das.pojo.CustomerInfo@1941ee8a)</span>
                <span class="method-start">25610 ms</span>
              </div> <!-- test-method -->
              <div class="test-method">
                <img src="failed.png">
                </img>
                <span class="method-name">validateCartpage(com.das.pojo.CustomerInfo@632b027f)</span>
                <span class="method-start">25612 ms</span>
              </div> <!-- test-method -->
              <div class="test-method">
                <span class="method-name">validateCartpage(com.das.pojo.CustomerInfo@2d7754cd)</span>
                <span class="method-start">25821 ms</span>
              </div> <!-- test-method -->
              <div class="test-method">
                <img src="failed.png">
                </img>
                <span class="method-name">validateCartpage(com.das.pojo.CustomerInfo@6c324bc4)</span>
                <span class="method-start">25952 ms</span>
              </div> <!-- test-method -->
              <div class="test-method">
                <span class="method-name">validateCartpage(com.das.pojo.CustomerInfo@49413ffc)</span>
                <span class="method-start">26025 ms</span>
              </div> <!-- test-method -->
              <div class="test-method">
                <img src="failed.png">
                </img>
                <span class="method-name">validateCartpage(com.das.pojo.CustomerInfo@70300e2d)</span>
                <span class="method-start">26242 ms</span>
              </div> <!-- test-method -->
              <div class="test-method">
                <img src="failed.png">
                </img>
                <span class="method-name">validateCartpage(com.das.pojo.CustomerInfo@69d1eda7)</span>
                <span class="method-start">26242 ms</span>
              </div> <!-- test-method -->
              <div class="test-method">
                <span class="method-name">validateCartpage(com.das.pojo.CustomerInfo@5a5ec636)</span>
                <span class="method-start">26276 ms</span>
              </div> <!-- test-method -->
              <div class="configuration-method after">
                <span class="method-name">tearDownDriver</span>
                <span class="method-start">35962 ms</span>
              </div> <!-- configuration-method after -->
              <div class="configuration-method after">
                <span class="method-name">tearDownDriver</span>
                <span class="method-start">37079 ms</span>
              </div> <!-- configuration-method after -->
              <div class="configuration-method after">
                <span class="method-name">tearDownDriver</span>
                <span class="method-start">37268 ms</span>
              </div> <!-- configuration-method after -->
              <div class="configuration-method after">
                <span class="method-name">tearDownDriver</span>
                <span class="method-start">37421 ms</span>
              </div> <!-- configuration-method after -->
              <div class="configuration-method after">
                <span class="method-name">tearDownDriver</span>
                <span class="method-start">37599 ms</span>
              </div> <!-- configuration-method after -->
              <div class="configuration-method after">
                <span class="method-name">tearDownDriver</span>
                <span class="method-start">64534 ms</span>
              </div> <!-- configuration-method after -->
              <div class="configuration-method after">
                <span class="method-name">tearDownDriver</span>
                <span class="method-start">64961 ms</span>
              </div> <!-- configuration-method after -->
              <div class="configuration-method after">
                <span class="method-name">tearDownDriver</span>
                <span class="method-start">65372 ms</span>
              </div> <!-- configuration-method after -->
              <div class="configuration-method after">
                <span class="method-name">tearDownDriver</span>
                <span class="method-start">65483 ms</span>
              </div> <!-- configuration-method after -->
              <div class="configuration-method after">
                <span class="method-name">tearDownDriver</span>
                <span class="method-start">65830 ms</span>
              </div> <!-- configuration-method after -->
              <div class="configuration-suite after">
                <span class="method-name">removeDriver</span>
                <span class="method-start">66632 ms</span>
              </div> <!-- configuration-suite after -->
          </div> <!-- main-panel-content rounded-window-bottom -->
        </div> <!-- panel -->
      </div> <!-- main-panel-root -->
    </div> <!-- wrapper -->
  </body>
<script type="text/javascript" src="testng-reports2.js"></script>
</html>
